<?xml version="1.0" encoding="UTF-8"?>
<coverage generated="1574536172179" clover="3.2.0">
  <project timestamp="1574536172179" name="All files">
    <metrics statements="7" coveredstatements="7" conditionals="4" coveredconditionals="4" methods="4" coveredmethods="4" elements="15" coveredelements="15" complexity="0" loc="7" ncloc="7" packages="1" files="2" classes="2"/>
    <file name="addController.js" path="/home/shahin/Testing/test-stub/addController.js">
      <metrics statements="3" coveredstatements="3" conditionals="0" coveredconditionals="0" methods="2" coveredmethods="2"/>
      <line num="3" count="1" type="stmt"/>
      <line num="7" count="2" type="stmt"/>
      <line num="11" count="1" type="stmt"/>
    </file>
    <file name="adder.js" path="/home/shahin/Testing/test-stub/adder.js">
      <metrics statements="4" coveredstatements="4" conditionals="4" coveredconditionals="4" methods="2" coveredmethods="2"/>
      <line num="5" count="2" type="cond" truecount="4" falsecount="0"/>
      <line num="6" count="1" type="stmt"/>
      <line num="8" count="1" type="stmt"/>
      <line num="12" count="2" type="stmt"/>
    </file>
  </project>
</coverage>
